<?xml version="1.0" encoding="utf-8"?><testsuites><testsuite name="pytest" errors="0" failures="0" skipped="0" tests="5" time="2.278" timestamp="2025-11-03T05:23:18.553520-05:00" hostname="Jessi"><testcase classname="test.rest.api_test.TestApi" name="test_api_add" time="2.055" /><testcase classname="test.rest.api_test.TestApi" name="test_api_add_success" time="0.006" /><testcase classname="test.rest.api_test.TestApi" name="test_api_substract_success" time="0.001" /><testcase classname="test.rest.api_test.TestApi" name="test_api_divide_by_zero" time="0.001" /><testcase classname="test.rest.api_test.TestApi" name="test_api_log10_fail" time="0.001" /></testsuite></testsuites>